#
# A fatal error has been detected by the Java Runtime Environment:
#
#  SIGSEGV (0xb) at pc=0x00007fff8da7cc22, pid=5179, tid=0x0000000000000307
#
# JRE version: Java(TM) SE Runtime Environment (8.0_152-b16) (build 1.8.0_152-b16)
# Java VM: Java HotSpot(TM) 64-Bit Server VM (25.152-b16 mixed mode bsd-amd64 compressed oops)
# Problematic frame:
# C  [libGPUSupportMercury.dylib+0xac22]  gldAttachDrawable+0x12f
#
# Failed to write core dump. Core dumps have been disabled. To enable core dumping, try "ulimit -c unlimited" before starting Java again
#
# If you would like to submit a bug report, please visit:
#   http://bugreport.java.com/bugreport/crash.jsp
# The crash happened outside the Java Virtual Machine in native code.
# See problematic frame for where to report the bug.
#

---------------  T H R E A D  ---------------

Current thread (0x00007f86c78e0000):  JavaThread "AppKit Thread" daemon [_thread_in_native, id=775, stack(0x00007fff51598000,0x00007fff51d98000)]

siginfo: si_signo: 11 (SIGSEGV), si_code: 1 (SEGV_MAPERR), si_addr: 0x00000128c86b9008

Registers:
RAX=0x00000128c86b9000, RBX=0x0000000000002715, RCX=0x0000000000000c24, RDX=0x00007f86c7549cd0
RSP=0x00007fff51d92450, RBP=0x00007fff51d92550, RSI=0x00000000000006a7, RDI=0x00000000000141cf
R8 =0x0000000000000000, R9 =0x00007f86ca000000, R10=0x000000000000003c, R11=0x0000000000000206
R12=0x00007f86c7549cc8, R13=0x00007f86c81d2c00, R14=0x00007f86c7549cd0, R15=0x0000000000000000
RIP=0x00007fff8da7cc22, EFLAGS=0x0000000000010206, ERR=0x0000000000000004
  TRAPNO=0x000000000000000e

Top of Stack: (sp=0x00007fff51d92450)
0x00007fff51d92450:   00007fff51d92490 00007fff917f6c66
0x00007fff51d92460:   0000000000000000 4036000000000000
0x00007fff51d92470:   4094000000000000 00007f86cb009ee0
0x00007fff51d92480:   00000128c86b9000 00007f86c898e00f
0x00007fff51d92490:   00007fff51d92501 00000050918b2467
0x00007fff51d924a0:   0000000000000000 4036000000000000
0x00007fff51d924b0:   4094000000000000 4086800000000000
0x00007fff51d924c0:   7ff0000000000000 7ff0000000000000
0x00007fff51d924d0:   0000000000000000 0000000000000000
0x00007fff51d924e0:   00007f86c7481260 000141cf918aa0fd
0x00007fff51d924f0:   7ff0000000000000 7ff0000000000000
0x00007fff51d92500:   0000000000000000 0000000000000000
0x00007fff51d92510:   0000000000000000 00007fff9187bc45
0x00007fff51d92520:   75c5975ab4920011 00007f86cb000000
0x00007fff51d92530:   0000000000002718 0000000000000000
0x00007fff51d92540:   0000000000000050 0000000000000000
0x00007fff51d92550:   00007fff51d925b0 00007fff84e8001b
0x00007fff51d92560:   4094000000000000 0000000000000000
0x00007fff51d92570:   00007f86cb009ee0 0000000000000000
0x00007fff51d92580:   00007f86c7549cc8 00007f86c817ea88
0x00007fff51d92590:   00007f86c817eb50 00007f86c817eb80
0x00007fff51d925a0:   00007f86c817cc00 75c5975ab4920011
0x00007fff51d925b0:   00007fff51d92690 00007fff84e5ebb4
0x00007fff51d925c0:   406b000000000000 4094000000000000
0x00007fff51d925d0:   4087300000000000 0000000000000000
0x00007fff51d925e0:   4036000000000000 4094000000000000
0x00007fff51d925f0:   4086800000000000 0000000000000000
0x00007fff51d92600:   0000000000000000 0000000000000001
0x00007fff51d92610:   00007f86c7549cc8 0000000000000001
0x00007fff51d92620:   00007fff51d92690 00007fff84e6398e
0x00007fff51d92630:   0000000151d92650 00007f86c817eb50
0x00007fff51d92640:   00007f86c817ea88 0000000200001003 

Instructions: (pc=0x00007fff8da7cc22)
0x00007fff8da7cc02:   24 04 81 e1 3f 8c 00 00 48 8b 85 38 ff ff ff 44
0x00007fff8da7cc12:   8b 80 38 02 00 00 4c 89 f2 48 8b 85 30 ff ff ff
0x00007fff8da7cc22:   ff 50 08 bb 15 27 00 00 85 c0 0f 85 31 02 00 00
0x00007fff8da7cc32:   49 8b 4d 60 41 8b 06 eb 10 41 8b 06 bb 15 27 00 

Register to memory mapping:

RAX=0x00000128c86b9000 is an unknown value
RBX=0x0000000000002715 is an unknown value
RCX=0x0000000000000c24 is an unknown value
RDX=0x00007f86c7549cd0 is an unknown value
RSP=0x00007fff51d92450 is pointing into the stack for thread: 0x00007f86c78e0000
RBP=0x00007fff51d92550 is pointing into the stack for thread: 0x00007f86c78e0000
RSI=0x00000000000006a7 is an unknown value
RDI=0x00000000000141cf is an unknown value
R8 =0x0000000000000000 is an unknown value
R9 =0x00007f86ca000000 is an unknown value
R10=0x000000000000003c is an unknown value
R11=0x0000000000000206 is an unknown value
R12=0x00007f86c7549cc8 is an unknown value
R13=0x00007f86c81d2c00 is an unknown value
R14=0x00007f86c7549cd0 is an unknown value
R15=0x0000000000000000 is an unknown value


Stack: [0x00007fff51598000,0x00007fff51d98000],  sp=0x00007fff51d92450,  free space=8169k
Native frames: (J=compiled Java code, j=interpreted, Vv=VM code, C=native code)
C  [libGPUSupportMercury.dylib+0xac22]  gldAttachDrawable+0x12f
C  [GLEngine+0x1601b]  gliAttachDrawableWithOptions+0x106
C  [OpenGL+0x3bb4]  glcGetIOAccelService+0xe8c
C  [OpenGL+0x7740]  CGLSetPBuffer+0xb45
C  [OpenGL+0x7a5e]  CGLSetSurface+0x125
C  [AppKit+0x336418]  NSOpenGLContextAttachOnScreenViewSurface+0x187
C  [AppKit+0x6f02cf]  __27-[NSOpenGLContext setView:]_block_invoke+0xd3
C  [AppKit+0x17a8ac]  NSPerformVisuallyAtomicChange+0x93
C  [AppKit+0x322cd4]  -[NSOpenGLContext setView:]+0x69
C  [liblwjgl.jnilib+0x9f3e]  -[MacOSXOpenGLView lockFocus]+0x6e
C  [AppKit+0x19d9db]  -[NSView _recursiveDisplayRectIfNeededIgnoringOpacity:isVisibleRect:rectIsVisibleRectForView:topView:]+0x6ee
C  [AppKit+0x19e231]  -[NSView _recursiveDisplayRectIfNeededIgnoringOpacity:isVisibleRect:rectIsVisibleRectForView:topView:]+0xf44
C  [AppKit+0x19ce0f]  -[NSThemeFrame _recursiveDisplayRectIfNeededIgnoringOpacity:isVisibleRect:rectIsVisibleRectForView:topView:]+0x14e
C  [AppKit+0x19b238]  -[NSView _displayRectIgnoringOpacity:isVisibleRect:rectIsVisibleRectForView:]+0x994
C  [AppKit+0x196b25]  -[NSView displayIfNeeded]+0x6d4
C  [AppKit+0x196437]  -[NSWindow displayIfNeeded]+0xe6
C  [AppKit+0x8f4f3f]  ___NSWindowGetDisplayCycleObserver_block_invoke.6228+0x115
C  [AppKit+0x195f15]  __37+[NSDisplayCycle currentDisplayCycle]_block_invoke+0x1c6
C  [QuartzCore+0x11a96]  _ZN2CA11Transaction19run_commit_handlersE18CATransactionPhase+0x2e
C  [QuartzCore+0x119800]  _ZN2CA7Context18commit_transactionEPNS_11TransactionE+0xa0
C  [QuartzCore+0x10631]  _ZN2CA11Transaction6commitEv+0x1db
C  [AppKit+0x478f1d]  __37+[NSDisplayCycle currentDisplayCycle]_block_invoke.31+0x143
C  [CoreFoundation+0xa7397]  __CFRUNLOOP_IS_CALLING_OUT_TO_AN_OBSERVER_CALLBACK_FUNCTION__+0x17
C  [CoreFoundation+0xa7307]  __CFRunLoopDoObservers+0x187
C  [CoreFoundation+0x87f39]  __CFRunLoopRun+0x369
C  [CoreFoundation+0x87974]  CFRunLoopRunSpecific+0x1a4
C  [HIToolbox+0x30a5c]  RunCurrentEventLoopInMode+0xf0
C  [HIToolbox+0x30799]  ReceiveNextEventCommon+0xb8
C  [HIToolbox+0x306c6]  _BlockUntilNextEventMatchingListInModeWithFilter+0x47
C  [AppKit+0x475b4]  _DPSNextEvent+0x460
C  [AppKit+0x7c1d6b]  -[NSApplication(NSEvent) _nextEventMatchingEventMask:untilDate:inMode:dequeue:]+0xae5
C  [libosxapp.dylib+0x23aa]  -[NSApplicationAWT nextEventMatchingMask:untilDate:inMode:dequeue:]+0x7c
C  [AppKit+0x3bf35]  -[NSApplication run]+0x39e
C  [libosxapp.dylib+0x214d]  +[NSApplicationAWT runAWTLoopWithApp:]+0x9c
C  [libawt_lwawt.dylib+0x47397]  -[AWTStarter starter:]+0x389
C  [Foundation+0x7188a]  __NSThreadPerformPerform+0x146
C  [CoreFoundation+0xa7981]  __CFRUNLOOP_IS_CALLING_OUT_TO_A_SOURCE0_PERFORM_FUNCTION__+0x11
C  [CoreFoundation+0x88a7d]  __CFRunLoopDoSources0+0x22d
C  [CoreFoundation+0x87f76]  __CFRunLoopRun+0x3a6
C  [CoreFoundation+0x87974]  CFRunLoopRunSpecific+0x1a4
C  [java+0x647a]  CreateExecutionEnvironment+0x367
C  [java+0x212c]  JLI_Launch+0x7a0
C  [java+0x84d7]  main+0x65
C  [java+0x1984]  start+0x34
C  0x0000000000000006


---------------  P R O C E S S  ---------------

Java Threads: ( => current thread )
  0x00007f86c9111000 JavaThread "AWT-Shutdown" [_thread_blocked, id=30495, stack(0x00007000024c7000,0x00007000025c7000)]
=>0x00007f86c78e0000 JavaThread "AppKit Thread" daemon [_thread_in_native, id=775, stack(0x00007fff51598000,0x00007fff51d98000)]
  0x00007f86c802c000 JavaThread "Service Thread" daemon [_thread_blocked, id=18947, stack(0x00007000022c1000,0x00007000023c1000)]
  0x00007f86c9021000 JavaThread "C1 CompilerThread2" daemon [_thread_blocked, id=18435, stack(0x00007000021be000,0x00007000022be000)]
  0x00007f86c9020000 JavaThread "C2 CompilerThread1" daemon [_thread_blocked, id=17923, stack(0x00007000020bb000,0x00007000021bb000)]
  0x00007f86c8020000 JavaThread "C2 CompilerThread0" daemon [_thread_blocked, id=17411, stack(0x0000700001fb8000,0x00007000020b8000)]
  0x00007f86c9005800 JavaThread "Signal Dispatcher" daemon [_thread_blocked, id=16899, stack(0x0000700001eb5000,0x0000700001fb5000)]
  0x00007f86c8828000 JavaThread "Finalizer" daemon [_thread_blocked, id=12803, stack(0x0000700001db2000,0x0000700001eb2000)]
  0x00007f86c8010000 JavaThread "Reference Handler" daemon [_thread_blocked, id=12291, stack(0x0000700001caf000,0x0000700001daf000)]
  0x00007f86c7808800 JavaThread "main" [_thread_in_native, id=7427, stack(0x000070000169d000,0x000070000179d000)]

Other Threads:
  0x00007f86c800b000 VMThread [stack: 0x0000700001bac000,0x0000700001cac000] [id=11779]
  0x00007f86c882b000 WatcherThread [stack: 0x00007000023c4000,0x00007000024c4000] [id=19459]

VM state:not at safepoint (normal execution)

VM Mutex/Monitor currently owned by a thread: None

Heap:
 PSYoungGen      total 38400K, used 6846K [0x0000000795580000, 0x0000000798000000, 0x00000007c0000000)
  eden space 33280K, 20% used [0x0000000795580000,0x0000000795c2fa70,0x0000000797600000)
  from space 5120K, 0% used [0x0000000797b00000,0x0000000797b00000,0x0000000798000000)
  to   space 5120K, 0% used [0x0000000797600000,0x0000000797600000,0x0000000797b00000)
 ParOldGen       total 87552K, used 0K [0x0000000740000000, 0x0000000745580000, 0x0000000795580000)
  object space 87552K, 0% used [0x0000000740000000,0x0000000740000000,0x0000000745580000)
 Metaspace       used 6105K, capacity 6235K, committed 6400K, reserved 1056768K
  class space    used 605K, capacity 664K, committed 768K, reserved 1048576K

Card table byte_map: [0x000000010fbc0000,0x000000010ffc1000] byte_map_base: 0x000000010c1c0000

Marking Bits: (ParMarkBitMap*) 0x000000010e7ef6c0
 Begin Bits: [0x0000000121e7a000, 0x0000000123e7a000)
 End Bits:   [0x0000000123e7a000, 0x0000000125e7a000)

Polling page: 0x000000010eee9000

CodeCache: size=245760Kb used=2117Kb max_used=2128Kb free=243642Kb
 bounds [0x0000000112e7a000, 0x00000001130ea000, 0x0000000121e7a000]
 total_blobs=874 nmethods=504 adapters=284
 compilation: enabled

Compilation events (10 events):
Event: 4.869 Thread 0x00007f86c9021000  502       3       java.nio.Bits::copyFromArray (70 bytes)
Event: 4.869 Thread 0x00007f86c9021000 nmethod 502 0x0000000113088cd0 code [0x0000000113088e60, 0x00000001130891c8]
Event: 4.869 Thread 0x00007f86c9021000  499       3       org.lwjgl.opengl.MacOSXDisplay::pollKeyboard (27 bytes)
Event: 4.869 Thread 0x00007f86c9021000 nmethod 499 0x0000000113089310 code [0x00000001130894e0, 0x0000000113089d18]
Event: 4.869 Thread 0x00007f86c9021000  500  s    3       org.lwjgl.opengl.MacOSXNativeKeyboard::poll (25 bytes)
Event: 4.870 Thread 0x00007f86c9021000 nmethod 500 0x000000011308a050 code [0x000000011308a200, 0x000000011308a948]
Event: 4.870 Thread 0x00007f86c9021000  503       3       org.lwjgl.input.Keyboard::read (26 bytes)
Event: 4.870 Thread 0x00007f86c9021000 nmethod 503 0x000000011308ab50 code [0x000000011308ad20, 0x000000011308b4f8]
Event: 4.870 Thread 0x00007f86c9021000  501       3       java.nio.ByteBuffer::put (9 bytes)
Event: 4.870 Thread 0x00007f86c9021000 nmethod 501 0x000000011308b7d0 code [0x000000011308b940, 0x000000011308bb68]

GC Heap History (0 events):
No events

Deoptimization events (0 events):
No events

Classes redefined (0 events):
No events

Internal exceptions (10 events):
Event: 0.032 Thread 0x00007f86c7808800 Exception <a 'java/lang/NoSuchMethodError': Method sun.misc.Unsafe.prefetchRead(Ljava/lang/Object;J)V name or signature does not match> (0x0000000795587f90) thrown at [/Users/java_re/workspace/8-2-build-macosx-x86_64/jdk8u152/9742/hotspot/src/share/vm/pri
Event: 0.148 Thread 0x00007f86c7808800 Exception <a 'java/security/PrivilegedActionException'> (0x00000007957656a8) thrown at [/Users/java_re/workspace/8-2-build-macosx-x86_64/jdk8u152/9742/hotspot/src/share/vm/prims/jvm.cpp, line 1390]
Event: 0.148 Thread 0x00007f86c7808800 Exception <a 'java/security/PrivilegedActionException'> (0x00000007957658b8) thrown at [/Users/java_re/workspace/8-2-build-macosx-x86_64/jdk8u152/9742/hotspot/src/share/vm/prims/jvm.cpp, line 1390]
Event: 0.149 Thread 0x00007f86c7808800 Exception <a 'java/security/PrivilegedActionException'> (0x0000000795768dd0) thrown at [/Users/java_re/workspace/8-2-build-macosx-x86_64/jdk8u152/9742/hotspot/src/share/vm/prims/jvm.cpp, line 1390]
Event: 0.149 Thread 0x00007f86c7808800 Exception <a 'java/security/PrivilegedActionException'> (0x0000000795768fe0) thrown at [/Users/java_re/workspace/8-2-build-macosx-x86_64/jdk8u152/9742/hotspot/src/share/vm/prims/jvm.cpp, line 1390]
Event: 0.202 Thread 0x00007f86c7808800 Exception <a 'java/lang/NoSuchFieldError': method resolution failed> (0x000000079583efc0) thrown at [/Users/java_re/workspace/8-2-build-macosx-x86_64/jdk8u152/9742/hotspot/src/share/vm/prims/methodHandles.cpp, line 1167]
Event: 0.205 Thread 0x00007f86c7808800 Exception <a 'java/lang/NoSuchFieldError': method resolution failed> (0x000000079584c710) thrown at [/Users/java_re/workspace/8-2-build-macosx-x86_64/jdk8u152/9742/hotspot/src/share/vm/prims/methodHandles.cpp, line 1167]
Event: 0.404 Thread 0x00007f86c7808800 Exception <a 'java/io/FileNotFoundException'> (0x00000007958c7150) thrown at [/Users/java_re/workspace/8-2-build-macosx-x86_64/jdk8u152/9742/hotspot/src/share/vm/prims/jni.cpp, line 709]
Event: 0.404 Thread 0x00007f86c7808800 Exception <a 'java/io/FileNotFoundException'> (0x00000007958c7cb8) thrown at [/Users/java_re/workspace/8-2-build-macosx-x86_64/jdk8u152/9742/hotspot/src/share/vm/prims/jni.cpp, line 709]
Event: 0.418 Thread 0x00007f86c7808800 Exception <a 'java/lang/UnsatisfiedLinkError'> (0x00000007958de558) thrown at [/Users/java_re/workspace/8-2-build-macosx-x86_64/jdk8u152/9742/hotspot/src/share/vm/prims/jvm.cpp, line 1394]

Events (10 events):
Event: 0.725 loading class org/lwjgl/opengl/Sync
Event: 0.725 loading class org/lwjgl/opengl/Sync done
Event: 0.726 loading class org/lwjgl/opengl/Sync$RunningAvg
Event: 0.726 loading class org/lwjgl/opengl/Sync$RunningAvg done
Event: 3.438 Thread 0x00007f86c7808800 DEOPT PACKING pc=0x0000000113066cf3 sp=0x000070000179c6e0
Event: 3.438 Thread 0x00007f86c7808800 DEOPT UNPACKING pc=0x0000000112ec1633 sp=0x000070000179c510 mode 0
Event: 4.116 Executing VM operation: EnableBiasedLocking
Event: 4.116 Executing VM operation: EnableBiasedLocking done
Event: 5.217 loading class org/lwjgl/opengl/CallbackUtil
Event: 5.217 loading class org/lwjgl/opengl/CallbackUtil done


Dynamic libraries:
0x000000000aab7000 	/System/Library/Frameworks/Cocoa.framework/Versions/A/Cocoa
0x000000000aab7000 	/System/Library/Frameworks/Security.framework/Versions/A/Security
0x000000000aab7000 	/System/Library/Frameworks/ApplicationServices.framework/Versions/A/ApplicationServices
0x000000000aab7000 	/usr/lib/libz.1.dylib
0x000000000aab7000 	/usr/lib/libSystem.B.dylib
0x000000000aab7000 	/usr/lib/libobjc.A.dylib
0x000000000aab7000 	/System/Library/Frameworks/CoreFoundation.framework/Versions/A/CoreFoundation
0x000000000aab7000 	/System/Library/Frameworks/Foundation.framework/Versions/C/Foundation
0x000000000aab7000 	/System/Library/Frameworks/AppKit.framework/Versions/C/AppKit
0x000000000aab7000 	/System/Library/Frameworks/CoreData.framework/Versions/A/CoreData
0x000000000aab7000 	/System/Library/PrivateFrameworks/RemoteViewServices.framework/Versions/A/RemoteViewServices
0x000000000aab7000 	/System/Library/PrivateFrameworks/UIFoundation.framework/Versions/A/UIFoundation
0x000000000aab7000 	/System/Library/PrivateFrameworks/DFRFoundation.framework/Versions/A/DFRFoundation
0x000000000aab7000 	/usr/lib/libenergytrace.dylib
0x000000000aab7000 	/System/Library/PrivateFrameworks/SkyLight.framework/Versions/A/SkyLight
0x000000000aab7000 	/System/Library/Frameworks/CoreGraphics.framework/Versions/A/CoreGraphics
0x000000000aab7000 	/usr/lib/libScreenReader.dylib
0x000000000aab7000 	/System/Library/Frameworks/Accelerate.framework/Versions/A/Accelerate
0x000000000aab7000 	/System/Library/Frameworks/IOSurface.framework/Versions/A/IOSurface
0x000000000aab7000 	/System/Library/Frameworks/AudioToolbox.framework/Versions/A/AudioToolbox
0x000000000aab7000 	/System/Library/Frameworks/AudioUnit.framework/Versions/A/AudioUnit
0x000000000aab7000 	/System/Library/PrivateFrameworks/DataDetectorsCore.framework/Versions/A/DataDetectorsCore
0x000000000aab7000 	/System/Library/PrivateFrameworks/DesktopServicesPriv.framework/Versions/A/DesktopServicesPriv
0x000000000aab7000 	/System/Library/Frameworks/Carbon.framework/Versions/A/Frameworks/HIToolbox.framework/Versions/A/HIToolbox
0x000000000aab7000 	/usr/lib/libicucore.A.dylib
0x000000000aab7000 	/System/Library/Frameworks/QuartzCore.framework/Versions/A/QuartzCore
0x000000000aab7000 	/System/Library/Frameworks/Carbon.framework/Versions/A/Frameworks/SpeechRecognition.framework/Versions/A/SpeechRecognition
0x000000000aab7000 	/usr/lib/libauto.dylib
0x000000000aab7000 	/usr/lib/libxml2.2.dylib
0x000000000aab7000 	/System/Library/PrivateFrameworks/CoreUI.framework/Versions/A/CoreUI
0x000000000aab7000 	/System/Library/Frameworks/CoreAudio.framework/Versions/A/CoreAudio
0x000000000aab7000 	/System/Library/Frameworks/DiskArbitration.framework/Versions/A/DiskArbitration
0x000000000aab7000 	/usr/lib/liblangid.dylib
0x000000000aab7000 	/System/Library/PrivateFrameworks/MultitouchSupport.framework/Versions/A/MultitouchSupport
0x000000000aab7000 	/System/Library/Frameworks/IOKit.framework/Versions/A/IOKit
0x000000000aab7000 	/usr/lib/libDiagnosticMessagesClient.dylib
0x000000000aab7000 	/System/Library/Frameworks/CoreServices.framework/Versions/A/CoreServices
0x000000000aab7000 	/System/Library/PrivateFrameworks/PerformanceAnalysis.framework/Versions/A/PerformanceAnalysis
0x000000000aab7000 	/System/Library/PrivateFrameworks/GenerationalStorage.framework/Versions/A/GenerationalStorage
0x000000000aab7000 	/System/Library/Frameworks/OpenGL.framework/Versions/A/OpenGL
0x000000000aab7000 	/System/Library/Frameworks/CoreImage.framework/Versions/A/CoreImage
0x000000000aab7000 	/System/Library/Frameworks/CoreText.framework/Versions/A/CoreText
0x000000000aab7000 	/System/Library/Frameworks/ImageIO.framework/Versions/A/ImageIO
0x000000000aab7000 	/System/Library/PrivateFrameworks/Backup.framework/Versions/A/Backup
0x000000000aab7000 	/usr/lib/libarchive.2.dylib
0x000000000aab7000 	/System/Library/Frameworks/CFNetwork.framework/Versions/A/CFNetwork
0x000000000aab7000 	/System/Library/Frameworks/SystemConfiguration.framework/Versions/A/SystemConfiguration
0x000000000aab7000 	/usr/lib/libCRFSuite.dylib
0x000000000aab7000 	/usr/lib/libc++.1.dylib
0x000000000aab7000 	/usr/lib/libc++abi.dylib
0x000000000aab7000 	/usr/lib/system/libcache.dylib
0x000000000aab7000 	/usr/lib/system/libcommonCrypto.dylib
0x000000000aab7000 	/usr/lib/system/libcompiler_rt.dylib
0x000000000aab7000 	/usr/lib/system/libcopyfile.dylib
0x000000000aab7000 	/usr/lib/system/libcorecrypto.dylib
0x000000000aab7000 	/usr/lib/system/libdispatch.dylib
0x000000000aab7000 	/usr/lib/system/libdyld.dylib
0x000000000aab7000 	/usr/lib/system/libkeymgr.dylib
0x000000000aab7000 	/usr/lib/system/liblaunch.dylib
0x000000000aab7000 	/usr/lib/system/libmacho.dylib
0x000000000aab7000 	/usr/lib/system/libquarantine.dylib
0x000000000aab7000 	/usr/lib/system/libremovefile.dylib
0x000000000aab7000 	/usr/lib/system/libsystem_asl.dylib
0x000000000aab7000 	/usr/lib/system/libsystem_blocks.dylib
0x000000000aab7000 	/usr/lib/system/libsystem_c.dylib
0x000000000aab7000 	/usr/lib/system/libsystem_configuration.dylib
0x000000000aab7000 	/usr/lib/system/libsystem_coreservices.dylib
0x000000000aab7000 	/usr/lib/system/libsystem_coretls.dylib
0x000000000aab7000 	/usr/lib/system/libsystem_dnssd.dylib
0x000000000aab7000 	/usr/lib/system/libsystem_info.dylib
0x000000000aab7000 	/usr/lib/system/libsystem_kernel.dylib
0x000000000aab7000 	/usr/lib/system/libsystem_m.dylib
0x000000000aab7000 	/usr/lib/system/libsystem_malloc.dylib
0x000000000aab7000 	/usr/lib/system/libsystem_network.dylib
0x000000000aab7000 	/usr/lib/system/libsystem_networkextension.dylib
0x000000000aab7000 	/usr/lib/system/libsystem_notify.dylib
0x000000000aab7000 	/usr/lib/system/libsystem_platform.dylib
0x000000000aab7000 	/usr/lib/system/libsystem_pthread.dylib
0x000000000aab7000 	/usr/lib/system/libsystem_sandbox.dylib
0x000000000aab7000 	/usr/lib/system/libsystem_secinit.dylib
0x000000000aab7000 	/usr/lib/system/libsystem_symptoms.dylib
0x000000000aab7000 	/usr/lib/system/libsystem_trace.dylib
0x000000000aab7000 	/usr/lib/system/libunwind.dylib
0x000000000aab7000 	/usr/lib/system/libxpc.dylib
0x000000000aab7000 	/usr/lib/libbsm.0.dylib
0x000000000aab7000 	/usr/lib/system/libkxld.dylib
0x000000000aab7000 	/usr/lib/libcoretls.dylib
0x000000000aab7000 	/usr/lib/libcoretls_cfhelpers.dylib
0x000000000aab7000 	/usr/lib/libxar.1.dylib
0x000000000aab7000 	/usr/lib/libsqlite3.dylib
0x000000000aab7000 	/usr/lib/libpam.2.dylib
0x000000000aab7000 	/usr/lib/libOpenScriptingUtil.dylib
0x000000000aab7000 	/usr/lib/libbz2.1.0.dylib
0x000000000aab7000 	/usr/lib/liblzma.5.dylib
0x000000000aab7000 	/usr/lib/libnetwork.dylib
0x000000000aab7000 	/usr/lib/libpcap.A.dylib
0x000000000aab7000 	/System/Library/Frameworks/CoreServices.framework/Versions/A/Frameworks/FSEvents.framework/Versions/A/FSEvents
0x000000000aab7000 	/System/Library/Frameworks/CoreServices.framework/Versions/A/Frameworks/CarbonCore.framework/Versions/A/CarbonCore
0x000000000aab7000 	/System/Library/Frameworks/CoreServices.framework/Versions/A/Frameworks/Metadata.framework/Versions/A/Metadata
0x000000000aab7000 	/System/Library/Frameworks/CoreServices.framework/Versions/A/Frameworks/OSServices.framework/Versions/A/OSServices
0x000000000aab7000 	/System/Library/Frameworks/CoreServices.framework/Versions/A/Frameworks/SearchKit.framework/Versions/A/SearchKit
0x000000000aab7000 	/System/Library/Frameworks/CoreServices.framework/Versions/A/Frameworks/AE.framework/Versions/A/AE
0x000000000aab7000 	/System/Library/Frameworks/CoreServices.framework/Versions/A/Frameworks/LaunchServices.framework/Versions/A/LaunchServices
0x000000000aab7000 	/System/Library/Frameworks/CoreServices.framework/Versions/A/Frameworks/DictionaryServices.framework/Versions/A/DictionaryServices
0x000000000aab7000 	/System/Library/Frameworks/CoreServices.framework/Versions/A/Frameworks/SharedFileList.framework/Versions/A/SharedFileList
0x000000000aab7000 	/System/Library/Frameworks/NetFS.framework/Versions/A/NetFS
0x000000000aab7000 	/System/Library/PrivateFrameworks/NetAuth.framework/Versions/A/NetAuth
0x000000000aab7000 	/System/Library/PrivateFrameworks/login.framework/Versions/A/Frameworks/loginsupport.framework/Versions/A/loginsupport
0x000000000aab7000 	/System/Library/PrivateFrameworks/TCC.framework/Versions/A/TCC
0x000000000aab7000 	/usr/lib/libmecabra.dylib
0x000000000aab7000 	/System/Library/Frameworks/ApplicationServices.framework/Versions/A/Frameworks/ATS.framework/Versions/A/ATS
0x000000000aab7000 	/System/Library/Frameworks/ApplicationServices.framework/Versions/A/Frameworks/ColorSync.framework/Versions/A/ColorSync
0x000000000aab7000 	/System/Library/Frameworks/ApplicationServices.framework/Versions/A/Frameworks/HIServices.framework/Versions/A/HIServices
0x000000000aab7000 	/System/Library/Frameworks/ApplicationServices.framework/Versions/A/Frameworks/LangAnalysis.framework/Versions/A/LangAnalysis
0x000000000aab7000 	/System/Library/Frameworks/ApplicationServices.framework/Versions/A/Frameworks/PrintCore.framework/Versions/A/PrintCore
0x000000000aab7000 	/System/Library/Frameworks/ApplicationServices.framework/Versions/A/Frameworks/QD.framework/Versions/A/QD
0x000000000aab7000 	/System/Library/Frameworks/ApplicationServices.framework/Versions/A/Frameworks/SpeechSynthesis.framework/Versions/A/SpeechSynthesis
0x000000000aab7000 	/System/Library/Frameworks/Accelerate.framework/Versions/A/Frameworks/vImage.framework/Versions/A/vImage
0x000000000aab7000 	/System/Library/Frameworks/Accelerate.framework/Versions/A/Frameworks/vecLib.framework/Versions/A/vecLib
0x000000000aab7000 	/System/Library/Frameworks/Accelerate.framework/Versions/A/Frameworks/vecLib.framework/Versions/A/libvDSP.dylib
0x000000000aab7000 	/System/Library/Frameworks/Accelerate.framework/Versions/A/Frameworks/vecLib.framework/Versions/A/libBNNS.dylib
0x000000000aab7000 	/System/Library/Frameworks/Accelerate.framework/Versions/A/Frameworks/vecLib.framework/Versions/A/libQuadrature.dylib
0x000000000aab7000 	/System/Library/Frameworks/Accelerate.framework/Versions/A/Frameworks/vecLib.framework/Versions/A/libvMisc.dylib
0x000000000aab7000 	/System/Library/Frameworks/Accelerate.framework/Versions/A/Frameworks/vecLib.framework/Versions/A/libLAPACK.dylib
0x000000000aab7000 	/System/Library/Frameworks/Accelerate.framework/Versions/A/Frameworks/vecLib.framework/Versions/A/libBLAS.dylib
0x000000000aab7000 	/System/Library/Frameworks/Accelerate.framework/Versions/A/Frameworks/vecLib.framework/Versions/A/libLinearAlgebra.dylib
0x000000000aab7000 	/System/Library/Frameworks/Accelerate.framework/Versions/A/Frameworks/vecLib.framework/Versions/A/libSparseBLAS.dylib
0x000000000aab7000 	/System/Library/Frameworks/ApplicationServices.framework/Versions/A/Frameworks/ATS.framework/Versions/A/Resources/libFontParser.dylib
0x000000000aab7000 	/System/Library/Frameworks/ApplicationServices.framework/Versions/A/Frameworks/ATS.framework/Versions/A/Resources/libFontRegistry.dylib
0x000000000aab7000 	/System/Library/Frameworks/ImageIO.framework/Versions/A/Resources/libJPEG.dylib
0x000000000aab7000 	/System/Library/Frameworks/ImageIO.framework/Versions/A/Resources/libTIFF.dylib
0x000000000aab7000 	/System/Library/Frameworks/ImageIO.framework/Versions/A/Resources/libPng.dylib
0x000000000aab7000 	/System/Library/Frameworks/ImageIO.framework/Versions/A/Resources/libGIF.dylib
0x000000000aab7000 	/System/Library/Frameworks/ImageIO.framework/Versions/A/Resources/libJP2.dylib
0x000000000aab7000 	/System/Library/Frameworks/ImageIO.framework/Versions/A/Resources/libRadiance.dylib
0x000000000aab7000 	/usr/lib/libcompression.dylib
0x000000000aab7000 	/System/Library/PrivateFrameworks/AppleJPEG.framework/Versions/A/AppleJPEG
0x000000000aab7000 	/usr/lib/libcups.2.dylib
0x000000000aab7000 	/System/Library/Frameworks/Kerberos.framework/Versions/A/Kerberos
0x000000000aab7000 	/System/Library/Frameworks/GSS.framework/Versions/A/GSS
0x000000000aab7000 	/usr/lib/libresolv.9.dylib
0x000000000aab7000 	/usr/lib/libiconv.2.dylib
0x000000000aab7000 	/System/Library/PrivateFrameworks/Heimdal.framework/Versions/A/Heimdal
0x000000000aab7000 	/usr/lib/libheimdal-asn1.dylib
0x000000000aab7000 	/System/Library/Frameworks/OpenDirectory.framework/Versions/A/OpenDirectory
0x000000000aab7000 	/System/Library/PrivateFrameworks/CommonAuth.framework/Versions/A/CommonAuth
0x000000000aab7000 	/System/Library/Frameworks/OpenDirectory.framework/Versions/A/Frameworks/CFOpenDirectory.framework/Versions/A/CFOpenDirectory
0x000000000aab7000 	/System/Library/Frameworks/SecurityFoundation.framework/Versions/A/SecurityFoundation
0x000000000aab7000 	/System/Library/PrivateFrameworks/LanguageModeling.framework/Versions/A/LanguageModeling
0x000000000aab7000 	/usr/lib/libmarisa.dylib
0x000000000aab7000 	/usr/lib/libChineseTokenizer.dylib
0x000000000aab7000 	/usr/lib/libcmph.dylib
0x000000000aab7000 	/System/Library/PrivateFrameworks/CoreEmoji.framework/Versions/A/CoreEmoji
0x000000000aab7000 	/System/Library/Frameworks/ServiceManagement.framework/Versions/A/ServiceManagement
0x000000000aab7000 	/usr/lib/libxslt.1.dylib
0x000000000aab7000 	/System/Library/Frameworks/Carbon.framework/Versions/A/Frameworks/Ink.framework/Versions/A/Ink
0x000000000aab7000 	/System/Library/PrivateFrameworks/TextureIO.framework/Versions/A/TextureIO
0x000000000aab7000 	/System/Library/Frameworks/Metal.framework/Versions/A/Metal
0x000000000aab7000 	/usr/lib/libate.dylib
0x000000000aab7000 	/System/Library/PrivateFrameworks/GPUCompiler.framework/libmetal_timestamp.dylib
0x000000000aab7000 	/System/Library/Frameworks/OpenGL.framework/Versions/A/Libraries/libCoreFSCache.dylib
0x000000000aab7000 	/System/Library/PrivateFrameworks/IOAccelerator.framework/Versions/A/IOAccelerator
0x000000000aab7000 	/System/Library/Frameworks/CoreVideo.framework/Versions/A/CoreVideo
0x000000000aab7000 	/usr/lib/libFosl_dynamic.dylib
0x000000000aab7000 	/System/Library/PrivateFrameworks/MetalPerformanceShaders.framework/Versions/A/MetalPerformanceShaders
0x000000000aab7000 	/System/Library/PrivateFrameworks/FaceCore.framework/Versions/A/FaceCore
0x000000000aab7000 	/System/Library/Frameworks/OpenCL.framework/Versions/A/OpenCL
0x000000000aab7000 	/System/Library/Frameworks/OpenGL.framework/Versions/A/Libraries/libGLU.dylib
0x000000000aab7000 	/System/Library/Frameworks/OpenGL.framework/Versions/A/Libraries/libGFXShared.dylib
0x000000000aab7000 	/System/Library/Frameworks/OpenGL.framework/Versions/A/Libraries/libGL.dylib
0x000000000aab7000 	/System/Library/Frameworks/OpenGL.framework/Versions/A/Libraries/libGLImage.dylib
0x000000000aab7000 	/System/Library/Frameworks/OpenGL.framework/Versions/A/Libraries/libCVMSPluginSupport.dylib
0x000000000aab7000 	/System/Library/Frameworks/OpenGL.framework/Versions/A/Libraries/libCoreVMClient.dylib
0x000000000aab7000 	/System/Library/PrivateFrameworks/CrashReporterSupport.framework/Versions/A/CrashReporterSupport
0x000000000aab7000 	/System/Library/PrivateFrameworks/Sharing.framework/Versions/A/Sharing
0x000000000aab7000 	/System/Library/PrivateFrameworks/IconServices.framework/Versions/A/IconServices
0x000000000aab7000 	/System/Library/PrivateFrameworks/ProtocolBuffer.framework/Versions/A/ProtocolBuffer
0x000000000aab7000 	/System/Library/PrivateFrameworks/Apple80211.framework/Versions/A/Apple80211
0x000000000aab7000 	/System/Library/Frameworks/CoreWLAN.framework/Versions/A/CoreWLAN
0x000000000aab7000 	/System/Library/PrivateFrameworks/CoreUtils.framework/Versions/A/CoreUtils
0x000000000aab7000 	/System/Library/Frameworks/IOBluetooth.framework/Versions/A/IOBluetooth
0x000000000aab7000 	/System/Library/PrivateFrameworks/CoreWiFi.framework/Versions/A/CoreWiFi
0x000000000aab7000 	/System/Library/Frameworks/CoreBluetooth.framework/Versions/A/CoreBluetooth
0x000000000aab7000 	/System/Library/Frameworks/CoreDisplay.framework/Versions/A/CoreDisplay
0x000000000aab7000 	/System/Library/PrivateFrameworks/IOPresentment.framework/Versions/A/IOPresentment
0x000000000aab7000 	/System/Library/PrivateFrameworks/DebugSymbols.framework/Versions/A/DebugSymbols
0x000000000aab7000 	/System/Library/PrivateFrameworks/CoreSymbolication.framework/Versions/A/CoreSymbolication
0x000000000aab7000 	/System/Library/PrivateFrameworks/Symbolication.framework/Versions/A/Symbolication
0x000000000aab7000 	/System/Library/PrivateFrameworks/AppleFSCompression.framework/Versions/A/AppleFSCompression
0x000000000aab7000 	/System/Library/PrivateFrameworks/SpeechRecognitionCore.framework/Versions/A/SpeechRecognitionCore
0x000000000aab7000 	/System/Library/PrivateFrameworks/ChunkingLibrary.framework/Versions/A/ChunkingLibrary
0x000000010deb5000 	/System/Library/CoreServices/Encodings/libSimplifiedChineseConverter.dylib
0x000000010def9000 	/Library/Java/JavaVirtualMachines/jdk1.8.0_152.jdk/Contents/Home/jre/lib/server/libjvm.dylib
0x000000000aab7000 	/usr/lib/libstdc++.6.dylib
0x000000010eea5000 	/Library/Java/JavaVirtualMachines/jdk1.8.0_152.jdk/Contents/Home/jre/lib/libverify.dylib
0x000000010eeb3000 	/Library/Java/JavaVirtualMachines/jdk1.8.0_152.jdk/Contents/Home/jre/lib/libjava.dylib
0x000000010eef3000 	/Library/Java/JavaVirtualMachines/jdk1.8.0_152.jdk/Contents/Home/jre/lib/libzip.dylib
0x000000011215c000 	/Library/Java/JavaVirtualMachines/jdk1.8.0_152.jdk/Contents/Home/jre/lib/libawt.dylib
0x0000000112206000 	/Library/Java/JavaVirtualMachines/jdk1.8.0_152.jdk/Contents/Home/jre/lib/./libmlib_image.dylib
0x00000001122d2000 	/System/Library/Frameworks/JavaVM.framework/Versions/A/Frameworks/JavaNativeFoundation.framework/Versions/A/JavaNativeFoundation
0x00000001122e7000 	/System/Library/Frameworks/JavaVM.framework/Versions/A/Frameworks/JavaRuntimeSupport.framework/Versions/A/JavaRuntimeSupport
0x0000000112301000 	/System/Library/Frameworks/JavaVM.framework/Versions/A/JavaVM
0x000000011230e000 	/System/Library/PrivateFrameworks/JavaLaunching.framework/Versions/A/JavaLaunching
0x000000000aab7000 	/System/Library/Frameworks/Carbon.framework/Versions/A/Carbon
0x000000000aab7000 	/System/Library/Frameworks/Carbon.framework/Versions/A/Frameworks/CommonPanels.framework/Versions/A/CommonPanels
0x000000000aab7000 	/System/Library/Frameworks/Carbon.framework/Versions/A/Frameworks/Help.framework/Versions/A/Help
0x000000000aab7000 	/System/Library/Frameworks/Carbon.framework/Versions/A/Frameworks/ImageCapture.framework/Versions/A/ImageCapture
0x000000000aab7000 	/System/Library/Frameworks/Carbon.framework/Versions/A/Frameworks/OpenScripting.framework/Versions/A/OpenScripting
0x000000000aab7000 	/System/Library/Frameworks/Carbon.framework/Versions/A/Frameworks/Print.framework/Versions/A/Print
0x000000000aab7000 	/System/Library/Frameworks/Carbon.framework/Versions/A/Frameworks/SecurityHI.framework/Versions/A/SecurityHI
0x000000011231a000 	/Library/Java/JavaVirtualMachines/jdk1.8.0_152.jdk/Contents/Home/jre/lib/libawt_lwawt.dylib
0x00000001123d4000 	/Library/Java/JavaVirtualMachines/jdk1.8.0_152.jdk/Contents/Home/jre/lib/./libosxapp.dylib
0x000000000aab7000 	/System/Library/Frameworks/ExceptionHandling.framework/Versions/A/ExceptionHandling
0x000000000aab7000 	/System/Library/PrivateFrameworks/CoreServicesInternal.framework/Versions/A/CoreServicesInternal
0x000000000aab7000 	/System/Library/CoreServices/RawCamera.bundle/Contents/MacOS/RawCamera
0x000000000aab7000 	/System/Library/Frameworks/Accelerate.framework/Versions/A/Frameworks/vImage.framework/Versions/A/Libraries/libCGInterfaces.dylib
0x000000000aab7000 	/System/Library/Frameworks/ApplicationServices.framework/Versions/A/Frameworks/ATS.framework/Versions/A/Resources/libTrueTypeScaler.dylib
0x000000000aab7000 	/System/Library/Frameworks/OpenGL.framework/Versions/A/Resources/GLEngine.bundle/GLEngine
0x000000000aab7000 	/System/Library/Frameworks/OpenGL.framework/Versions/A/Libraries/libGLProgrammability.dylib
0x0000000128c84000 	/System/Library/Extensions/AppleIntelBDWGraphicsGLDriver.bundle/Contents/MacOS/AppleIntelBDWGraphicsGLDriver
0x000000000aab7000 	/System/Library/PrivateFrameworks/GPUSupport.framework/Versions/A/Libraries/libGPUSupportMercury.dylib
0x000000000aab7000 	/System/Library/Frameworks/OpenGL.framework/Versions/A/Resources/GLRendererFloat.bundle/GLRendererFloat
0x000000000aab7000 	/System/Library/Frameworks/OpenCL.framework/Versions/A/Libraries/libcldcpuengine.dylib
0x000000000aab7000 	/usr/lib/libcrypto.0.9.8.dylib
0x000000000aab7000 	/System/Library/PrivateFrameworks/TrustEvaluationAgent.framework/Versions/A/TrustEvaluationAgent
0x00000001293e0000 	/System/Library/Extensions/AppleIntelBDWGraphicsMTLDriver.bundle/Contents/MacOS/AppleIntelBDWGraphicsMTLDriver
0x000000000aab7000 	/System/Library/PrivateFrameworks/FamilyControls.framework/Versions/A/FamilyControls
0x000000000aab7000 	/System/Library/PrivateFrameworks/CommerceKit.framework/Versions/A/Frameworks/CommerceCore.framework/Versions/A/CommerceCore
0x000000000aab7000 	/System/Library/PrivateFrameworks/SystemAdministration.framework/Versions/A/SystemAdministration
0x000000000aab7000 	/System/Library/PrivateFrameworks/AppContainer.framework/Versions/A/AppContainer
0x000000000aab7000 	/System/Library/PrivateFrameworks/SecCodeWrapper.framework/Versions/A/SecCodeWrapper
0x000000000aab7000 	/System/Library/Frameworks/DirectoryService.framework/Versions/A/DirectoryService
0x000000000aab7000 	/System/Library/PrivateFrameworks/DiskImages.framework/Versions/A/DiskImages
0x000000000aab7000 	/System/Library/PrivateFrameworks/LoginUIKit.framework/Versions/A/Frameworks/LoginUICore.framework/Versions/A/LoginUICore
0x000000000aab7000 	/usr/lib/libCoreStorage.dylib
0x000000000aab7000 	/usr/lib/libcsfde.dylib
0x000000000aab7000 	/usr/lib/libodfde.dylib
0x000000000aab7000 	/System/Library/Frameworks/DiscRecording.framework/Versions/A/DiscRecording
0x000000000aab7000 	/usr/lib/libcurl.4.dylib
0x000000000aab7000 	/System/Library/PrivateFrameworks/MediaKit.framework/Versions/A/MediaKit
0x000000000aab7000 	/System/Library/PrivateFrameworks/ProtectedCloudStorage.framework/Versions/A/ProtectedCloudStorage
0x000000000aab7000 	/System/Library/PrivateFrameworks/EFILogin.framework/Versions/A/EFILogin
0x000000000aab7000 	/usr/lib/libutil.dylib
0x000000000aab7000 	/System/Library/Frameworks/LDAP.framework/Versions/A/LDAP
0x000000000aab7000 	/usr/lib/libsasl2.2.dylib
0x000000000aab7000 	/System/Library/PrivateFrameworks/CoreDaemon.framework/Versions/B/CoreDaemon
0x000000000aab7000 	/System/Library/PrivateFrameworks/AppleSRP.framework/Versions/A/AppleSRP
0x000000000aab7000 	/System/Library/PrivateFrameworks/APFS.framework/Versions/A/APFS
0x000000012a8f5000 	/Library/Java/JavaVirtualMachines/jdk1.8.0_152.jdk/Contents/Home/jre/lib/libfontmanager.dylib
0x000000012a95c000 	/Users/admin/Documents/workspace/GameEngine/lib/natives/liblwjgl.jnilib
0x0000000112d63000 	/Library/Java/JavaVirtualMachines/jdk1.8.0_152.jdk/Contents/Home/jre/lib/libjawt.dylib
0x000000000aab7000 	/System/Library/PrivateFrameworks/ViewBridge.framework/Versions/A/ViewBridge
0x000000000aab7000 	/System/Library/PrivateFrameworks/XPCService.framework/Versions/A/XPCService
0x000000000aab7000 	/System/Library/PrivateFrameworks/AppSandbox.framework/Versions/A/AppSandbox
0x000000000aab7000 	/usr/lib/libsandbox.1.dylib
0x000000000aab7000 	/usr/lib/libMatch.1.dylib

VM Arguments:
jvm_args: -Djava.library.path=/Users/admin/Documents/workspace/GameEngine/lib/natives -Dfile.encoding=UTF-8 
java_command: engineTester.MainGameLoop
java_class_path (initial): /Users/admin/Documents/workspace/GameEngine/bin:/Users/admin/Documents/workspace/GameEngine/lib/jars/lwjgl_util.jar:/Users/admin/Documents/workspace/GameEngine/lib/jars/lwjgl.jar:/Users/admin/Documents/workspace/GameEngine/lib/jars/slick-util.jar
Launcher Type: SUN_STANDARD

Environment Variables:
PATH=/usr/bin:/bin:/usr/sbin:/sbin
SHELL=/bin/bash

Signal Handlers:
SIGSEGV: [libjvm.dylib+0x5b494d], sa_mask[0]=11111111011111110111111111111111, sa_flags=SA_ONSTACK|SA_RESTART|SA_SIGINFO
SIGBUS: [libjvm.dylib+0x5b494d], sa_mask[0]=11111111011111110111111111111111, sa_flags=SA_RESTART|SA_SIGINFO
SIGFPE: [libjvm.dylib+0x48ab54], sa_mask[0]=11111111011111110111111111111111, sa_flags=SA_RESTART|SA_SIGINFO
SIGPIPE: [libjvm.dylib+0x48ab54], sa_mask[0]=11111111011111110111111111111111, sa_flags=SA_RESTART|SA_SIGINFO
SIGXFSZ: [libjvm.dylib+0x48ab54], sa_mask[0]=11111111011111110111111111111111, sa_flags=SA_RESTART|SA_SIGINFO
SIGILL: [libjvm.dylib+0x48ab54], sa_mask[0]=11111111011111110111111111111111, sa_flags=SA_RESTART|SA_SIGINFO
SIGUSR1: SIG_DFL, sa_mask[0]=00000000000000000000000000000000, sa_flags=none
SIGUSR2: [libjvm.dylib+0x48a672], sa_mask[0]=00100000000000000000000000000000, sa_flags=SA_RESTART|SA_SIGINFO
SIGHUP: [libjvm.dylib+0x488c49], sa_mask[0]=11111111011111110111111111111111, sa_flags=SA_RESTART|SA_SIGINFO
SIGINT: [libjvm.dylib+0x488c49], sa_mask[0]=11111111011111110111111111111111, sa_flags=SA_RESTART|SA_SIGINFO
SIGTERM: [libjvm.dylib+0x488c49], sa_mask[0]=11111111011111110111111111111111, sa_flags=SA_RESTART|SA_SIGINFO
SIGQUIT: [libjvm.dylib+0x488c49], sa_mask[0]=11111111011111110111111111111111, sa_flags=SA_RESTART|SA_SIGINFO


---------------  S Y S T E M  ---------------

OS:Bsduname:Darwin 16.4.0 Darwin Kernel Version 16.4.0: Thu Dec 22 22:53:21 PST 2016; root:xnu-3789.41.3~3/RELEASE_X86_64 x86_64
rlimit: STACK 8192k, CORE 0k, NPROC 709, NOFILE 10240, AS infinity
load average:2.80 2.42 2.27

CPU:total 4 (initial active 4) (2 cores per cpu, 2 threads per core) family 6 model 61 stepping 4, cmov, cx8, fxsr, mmx, sse, sse2, sse3, ssse3, sse4.1, sse4.2, popcnt, avx, avx2, aes, clmul, erms, 3dnowpref, lzcnt, ht, tsc, tscinvbit, bmi1, bmi2, adx

Memory: 4k page, physical 8388608k(219512k free)

/proc/meminfo:


vm_info: Java HotSpot(TM) 64-Bit Server VM (25.152-b16) for bsd-amd64 JRE (1.8.0_152-b16), built on Sep 14 2017 02:31:13 by "java_re" with gcc 4.2.1 (Based on Apple Inc. build 5658) (LLVM build 2336.11.00)

time: Tue Nov 21 00:17:59 2017
elapsed time: 5 seconds (0d 0h 0m 5s)

